<?xml version="1.0" encoding="UTF-8"?>
<!-- Generated by org.testng.reporters.JUnitXMLReporter -->
<testsuite ignored="0" hostname="ISSLT560" failures="0" tests="3" name="Default test" time="13.596" errors="0" timestamp="2021-03-26T16:23:56 IST">
  <testcase classname="com.vajra.TestClass.LoginusingExcelsheet" name="loginSales" time="6.87"/>
  <testcase classname="com.vajra.TestClass.LoginusingExcelsheet" name="loginSales" time="0.648"/>
  <testcase classname="com.vajra.TestClass.LoginusingExcelsheet" name="loginSales" time="3.839"/>
</testsuite> <!-- Default test -->
