<?xml version="1.0" encoding="UTF-8"?>
<!-- Generated by org.testng.reporters.JUnitXMLReporter -->
<testsuite ignored="0" hostname="ISSLT560" failures="0" tests="6" name="Default test" time="45.432" errors="0" timestamp="2021-04-01T16:06:50 IST">
  <testcase classname="com.vajra.TestClass.LoginusingExcelsheet" name="loginSales" time="11.995"/>
  <testcase classname="com.vajra.TestClass.LoginusingExcelsheet" name="loginSales" time="10.274"/>
  <testcase classname="com.vajra.TestClass.LoginusingExcelsheet" name="loginSales" time="8.054"/>
  <testcase classname="com.vajra.TestClass.LoginusingExcelsheet" name="loginSales" time="8.361"/>
  <testcase classname="com.vajra.TestClass.LoginusingExcelsheet" name="loginSales" time="1.336"/>
  <testcase classname="com.vajra.TestClass.LoginusingExcelsheet" name="loginSales" time="1.209"/>
</testsuite> <!-- Default test -->
