<?xml version="1.0" encoding="UTF-8"?>
<!-- Generated by org.testng.reporters.JUnitXMLReporter -->
<testsuite ignored="0" hostname="ISSLT560" failures="0" tests="6" name="Default test" time="37.282" errors="0" timestamp="2021-04-05T13:36:17 IST">
  <testcase classname="com.vajra.TestClass.TC_Sales_Login" name="loginSales" time="9.648"/>
  <testcase classname="com.vajra.TestClass.TC_Sales_Login" name="loginSales" time="6.662"/>
  <testcase classname="com.vajra.TestClass.TC_Sales_Login" name="loginSales" time="7.473"/>
  <testcase classname="com.vajra.TestClass.TC_Sales_Login" name="loginSales" time="6.741"/>
  <testcase classname="com.vajra.TestClass.TC_Sales_Login" name="loginSales" time="1.36"/>
  <testcase classname="com.vajra.TestClass.TC_Sales_Login" name="loginSales" time="1.197"/>
</testsuite> <!-- Default test -->
