<?xml version="1.0" encoding="UTF-8"?>
<testng-results ignored="0" total="1" passed="1" failed="0" skipped="0">
  <reporter-output>
  </reporter-output>
  <suite started-at="2021-04-08T17:08:29 IST" name="Default suite" finished-at="2021-04-08T17:08:49 IST" duration-ms="20035">
    <groups>
    </groups>
    <test started-at="2021-04-08T17:08:29 IST" name="Default test" finished-at="2021-04-08T17:08:49 IST" duration-ms="20035">
      <class name="com.vajra.TestClass.TC_Customer_New_Order_N_S_A_">
        <test-method is-config="true" signature="setup()[pri:0, instance:com.vajra.TestClass.TC_Customer_New_Order_N_S_A_@346d61be]" started-at="2021-04-08T17:08:29 IST" name="setup" finished-at="2021-04-08T17:08:31 IST" duration-ms="2339" status="PASS">
          <reporter-output>
          </reporter-output>
        </test-method> <!-- setup -->
        <test-method signature="loginSales(java.lang.String, java.lang.String, java.lang.String)[pri:1, instance:com.vajra.TestClass.TC_Customer_New_Order_N_S_A_@346d61be]" started-at="2021-04-08T17:08:33 IST" name="loginSales" data-provider="LoginUserIDs" finished-at="2021-04-08T17:08:49 IST" duration-ms="16285" status="PASS">
          <params>
            <param index="0">
              <value>
                <![CDATA[19]]>
              </value>
            </param>
            <param index="1">
              <value>
                <![CDATA[gouri@28]]>
              </value>
            </param>
            <param index="2">
              <value>
                <![CDATA[Valid]]>
              </value>
            </param>
          </params>
          <reporter-output>
          </reporter-output>
        </test-method> <!-- loginSales -->
      </class> <!-- com.vajra.TestClass.TC_Customer_New_Order_N_S_A_ -->
    </test> <!-- Default test -->
  </suite> <!-- Default suite -->
</testng-results>
