<?xml version="1.0" encoding="UTF-8"?>
<testng-results skipped="0" failed="1" ignored="0" total="5" passed="4">
  <reporter-output>
  </reporter-output>
  <suite name="Default suite" duration-ms="46747" started-at="2021-03-15T17:53:34 IST" finished-at="2021-03-15T17:54:21 IST">
    <groups>
    </groups>
    <test name="Default test" duration-ms="46747" started-at="2021-03-15T17:53:34 IST" finished-at="2021-03-15T17:54:21 IST">
      <class name="com.vajra.TestClass.Login_TestCase_001">
        <test-method status="PASS" signature="setup()[pri:0, instance:com.vajra.TestClass.Login_TestCase_001@1d29cf23]" name="setup" is-config="true" duration-ms="4894" started-at="2021-03-15T17:53:34 IST" finished-at="2021-03-15T17:53:39 IST">
          <reporter-output>
          </reporter-output>
        </test-method> <!-- setup -->
        <test-method status="PASS" signature="Login_TestCase_Cashier()[pri:0, instance:com.vajra.TestClass.Login_TestCase_001@1d29cf23]" name="Login_TestCase_Cashier" duration-ms="18727" started-at="2021-03-15T17:53:39 IST" finished-at="2021-03-15T17:53:58 IST">
          <reporter-output>
          </reporter-output>
        </test-method> <!-- Login_TestCase_Cashier -->
        <test-method status="FAIL" signature="Login_TestCase_OE()[pri:0, instance:com.vajra.TestClass.Login_TestCase_001@1d29cf23]" name="Login_TestCase_OE" duration-ms="8127" started-at="2021-03-15T17:53:58 IST" finished-at="2021-03-15T17:54:06 IST">
          <exception class="junit.framework.ComparisonFailure">
            <message>
              <![CDATA[expected:<> but was:<Sales - Dashboard - Sales>]]>
            </message>
            <full-stacktrace>
              <![CDATA[junit.framework.ComparisonFailure: expected:<> but was:<Sales - Dashboard - Sales>
at junit.framework.Assert.assertEquals(Assert.java:81)
at junit.framework.Assert.assertEquals(Assert.java:87)
at com.vajra.TestClass.Login_TestCase_001.Login_TestCase_OE(Login_TestCase_001.java:73)
at sun.reflect.NativeMethodAccessorImpl.invoke0(Native Method)
at sun.reflect.NativeMethodAccessorImpl.invoke(NativeMethodAccessorImpl.java:62)
at sun.reflect.DelegatingMethodAccessorImpl.invoke(DelegatingMethodAccessorImpl.java:43)
at java.lang.reflect.Method.invoke(Method.java:498)
at org.testng.internal.MethodInvocationHelper.invokeMethod(MethodInvocationHelper.java:134)
at org.testng.internal.TestInvoker.invokeMethod(TestInvoker.java:597)
at org.testng.internal.TestInvoker.invokeTestMethod(TestInvoker.java:173)
at org.testng.internal.MethodRunner.runInSequence(MethodRunner.java:46)
at org.testng.internal.TestInvoker$MethodInvocationAgent.invoke(TestInvoker.java:816)
at org.testng.internal.TestInvoker.invokeTestMethods(TestInvoker.java:146)
at org.testng.internal.TestMethodWorker.invokeTestMethods(TestMethodWorker.java:146)
at org.testng.internal.TestMethodWorker.run(TestMethodWorker.java:128)
at java.util.ArrayList.forEach(ArrayList.java:1249)
at org.testng.TestRunner.privateRun(TestRunner.java:766)
at org.testng.TestRunner.run(TestRunner.java:587)
at org.testng.SuiteRunner.runTest(SuiteRunner.java:384)
at org.testng.SuiteRunner.runSequentially(SuiteRunner.java:378)
at org.testng.SuiteRunner.privateRun(SuiteRunner.java:337)
at org.testng.SuiteRunner.run(SuiteRunner.java:286)
at org.testng.SuiteRunnerWorker.runSuite(SuiteRunnerWorker.java:53)
at org.testng.SuiteRunnerWorker.run(SuiteRunnerWorker.java:96)
at org.testng.TestNG.runSuitesSequentially(TestNG.java:1187)
at org.testng.TestNG.runSuitesLocally(TestNG.java:1109)
at org.testng.TestNG.runSuites(TestNG.java:1039)
at org.testng.TestNG.run(TestNG.java:1007)
at org.testng.remote.AbstractRemoteTestNG.run(AbstractRemoteTestNG.java:115)
at org.testng.remote.RemoteTestNG.initAndRun(RemoteTestNG.java:251)
at org.testng.remote.RemoteTestNG.main(RemoteTestNG.java:77)
]]>
            </full-stacktrace>
          </exception> <!-- junit.framework.ComparisonFailure -->
          <reporter-output>
          </reporter-output>
        </test-method> <!-- Login_TestCase_OE -->
        <test-method status="PASS" signature="Login_TestCase_OrderSection()[pri:0, instance:com.vajra.TestClass.Login_TestCase_001@1d29cf23]" name="Login_TestCase_OrderSection" duration-ms="5445" started-at="2021-03-15T17:54:06 IST" finished-at="2021-03-15T17:54:11 IST">
          <reporter-output>
          </reporter-output>
        </test-method> <!-- Login_TestCase_OrderSection -->
        <test-method status="PASS" signature="Login_TestCase_SE()[pri:0, instance:com.vajra.TestClass.Login_TestCase_001@1d29cf23]" name="Login_TestCase_SE" duration-ms="4017" started-at="2021-03-15T17:54:11 IST" finished-at="2021-03-15T17:54:15 IST">
          <reporter-output>
          </reporter-output>
        </test-method> <!-- Login_TestCase_SE -->
        <test-method status="PASS" signature="Login_TestCase_StoreHead()[pri:0, instance:com.vajra.TestClass.Login_TestCase_001@1d29cf23]" name="Login_TestCase_StoreHead" duration-ms="3652" started-at="2021-03-15T17:54:15 IST" finished-at="2021-03-15T17:54:19 IST">
          <reporter-output>
          </reporter-output>
        </test-method> <!-- Login_TestCase_StoreHead -->
        <test-method status="PASS" signature="teardown()[pri:0, instance:com.vajra.TestClass.Login_TestCase_001@1d29cf23]" name="teardown" is-config="true" duration-ms="1722" started-at="2021-03-15T17:54:19 IST" finished-at="2021-03-15T17:54:21 IST">
          <reporter-output>
          </reporter-output>
        </test-method> <!-- teardown -->
      </class> <!-- com.vajra.TestClass.Login_TestCase_001 -->
    </test> <!-- Default test -->
  </suite> <!-- Default suite -->
</testng-results>
