<?xml version="1.0" encoding="UTF-8"?>
<!-- Generated by org.testng.reporters.JUnitXMLReporter -->
<testsuite ignored="0" hostname="ISSLT560" failures="2" tests="4" name="Vajra" time="21.982" errors="0" timestamp="2021-03-23T15:25:12 IST">
  <testcase classname="com.vajra.TestClass.TC_AllLogin_001" name="LoginSales" time="0.0">
    <failure type="org.testng.TestNGException" message="
Method public void com.vajra.TestClass.TC_AllLogin_001.LoginSales(java.lang.String,java.lang.String,java.lang.String) throws java.lang.InterruptedException,java.io.IOException requires a @DataProvider named : logindata">
      <![CDATA[org.testng.TestNGException: 
Method public void com.vajra.TestClass.TC_AllLogin_001.LoginSales(java.lang.String,java.lang.String,java.lang.String) throws java.lang.InterruptedException,java.io.IOException requires a @DataProvider named : logindata
at java.base/java.util.ArrayList.forEach(ArrayList.java:1511)
... Removed 24 stack frames]]>
    </failure>
  </testcase> <!-- LoginSales -->
  <testcase classname="com.vajra.TestClass.TC_AllLogin_001" name="Login_TestCase_SE" time="5.905">
    <failure type="junit.framework.ComparisonFailure" message="expected:&amp;lt;Login&amp;gt; but was:&amp;lt;Sales - Dashboard - Sales&amp;gt;">
      <![CDATA[junit.framework.ComparisonFailure: expected:<Login> but was:<Sales - Dashboard - Sales>
at junit.framework.Assert.assertEquals(Assert.java:81)
at junit.framework.Assert.assertEquals(Assert.java:87)
at com.vajra.TestClass.TC_AllLogin_001.Login_TestCase_SE(TC_AllLogin_001.java:53)
at java.base/java.util.ArrayList.forEach(ArrayList.java:1511)
... Removed 27 stack frames]]>
    </failure>
  </testcase> <!-- Login_TestCase_SE -->
  <testcase classname="com.vajra.TestClass.TC_AllLogin_001" name="Login_TestCase_OrderSection" time="6.545"/>
  <testcase classname="com.vajra.TestClass.TC_AllLogin_001" name="Login_TestCase_Cashier" time="1.514"/>
</testsuite> <!-- Vajra -->
