<?xml version="1.0" encoding="UTF-8"?>
<!-- Generated by org.testng.reporters.JUnitXMLReporter -->
<testsuite ignored="0" hostname="ISSLT560" failures="0" tests="4" name="Vajra" time="7.977" errors="0" timestamp="2021-04-01T13:31:27 IST">
  <testcase classname="com.vajra.TestClass.LoginusingExcelsheet" name="loginSales" time="2.622"/>
  <testcase classname="com.vajra.TestClass.LoginusingExcelsheet" name="loginSales" time="0.493"/>
  <testcase classname="com.vajra.TestClass.LoginusingExcelsheet" name="loginSales" time="0.413"/>
  <testcase classname="com.vajra.TestClass.LoginusingExcelsheet" name="loginSales" time="0.451"/>
</testsuite> <!-- Vajra -->
