<?xml version="1.0" encoding="UTF-8"?>
<!-- Generated by org.testng.reporters.JUnitXMLReporter -->
<testsuite ignored="0" hostname="ISSLT560" failures="0" tests="1" name="Vajra Test" time="0.09" errors="0" timestamp="2021-03-09T12:31:04 IST">
  <testcase classname="com.vajra.TestClass.BaseClasss" name="@BeforeClass setup" time="0.017">
    <failure type="java.lang.NullPointerException" message="Cannot invoke &amp;quot;org.openqa.selenium.WebDriver.manage()&amp;quot; because &amp;quot;com.vajra.TestClass.BaseClasss.driver&amp;quot; is null">
      <![CDATA[java.lang.NullPointerException: Cannot invoke "org.openqa.selenium.WebDriver.manage()" because "com.vajra.TestClass.BaseClasss.driver" is null
at com.vajra.TestClass.BaseClasss.setup(BaseClasss.java:33)
at java.base/java.util.ArrayList.forEach(ArrayList.java:1511)
... Removed 25 stack frames]]>
    </failure>
  </testcase> <!-- @BeforeClass setup -->
  <testcase classname="com.vajra.TestClass.BaseClasss" name="@AfterClass teardown" time="-1.615273264864E9">
    <skipped/>
  </testcase> <!-- @AfterClass teardown -->
  <testcase classname="com.vajra.TestClass.Login_TestCase_001" name="Login_TestCase_001" time="0.0">
    <skipped/>
  </testcase> <!-- Login_TestCase_001 -->
</testsuite> <!-- Vajra Test -->
